<?xml version="1.0" encoding="UTF-8"?>
<!-- Generated by org.testng.reporters.JUnitReportReporter -->
<testsuite skipped="0" hostname="WINCTRL-AS5573R" name="qwerty.testme" tests="1" failures="0" timestamp="01 May 2019 14:15:28 GMT" time="0.046" errors="0">
  <testcase name="testme1" time="0.046" classname="qwerty.testme"/>
</testsuite> <!-- qwerty.testme -->
