<?xml version="1.0" encoding="UTF-8"?>
<!-- Generated by org.testng.reporters.JUnitReportReporter -->
<testsuite skipped="0" hostname="WINCTRL-AS5573R" name="UsingTestNG.valtestng" tests="1" failures="0" timestamp="2020-04-25T14:54:16 IST" time="0.043" errors="0">
  <testcase name="f" time="0.043" classname="UsingTestNG.valtestng"/>
</testsuite> <!-- UsingTestNG.valtestng -->
