<?xml version="1.0" encoding="UTF-8"?>
<!-- Generated by org.testng.reporters.JUnitReportReporter -->
<testsuite skipped="0" hostname="WINCTRL-AS5573R" name="TestNGSssions.OpenGoogleCom" tests="1" failures="0" timestamp="16 May 2019 03:39:12 GMT" time="12.811" errors="0">
  <testcase name="test" time="12.811" classname="TestNGSssions.OpenGoogleCom"/>
</testsuite> <!-- TestNGSssions.OpenGoogleCom -->
