<?xml version="1.0" encoding="UTF-8"?>
<!-- Generated by org.testng.reporters.JUnitReportReporter -->
<testsuite skipped="0" hostname="WINCTRL-AS5573R" name="TestNGSessionsPackage.SessionFirst" tests="1" failures="0" timestamp="2019-12-11T22:54:06 IST" time="0.070" errors="0">
  <testcase name="f" time="0.070" classname="TestNGSessionsPackage.SessionFirst"/>
</testsuite> <!-- TestNGSessionsPackage.SessionFirst -->
